=== Build: Sun Mar 15 07:20:07 PM +08 2026 ===
make[1]: Entering directory '/home/god_spud/Spud_os/os'
mkdir -p build
nasm -f elf32 boot.asm -o build/boot.o
mkdir -p build/
gcc -m32 -ffreestanding -fno-stack-protector -fno-pic -nostdlib -I src/ -c src/keyboard.c -o build/keyboard.o
mkdir -p build/
gcc -m32 -ffreestanding -fno-stack-protector -fno-pic -nostdlib -I src/ -c src/string.c -o build/string.o
mkdir -p build/
gcc -m32 -ffreestanding -fno-stack-protector -fno-pic -nostdlib -I src/ -c src/vga.c -o build/vga.o
mkdir -p build/
gcc -m32 -ffreestanding -fno-stack-protector -fno-pic -nostdlib -I src/ -c src/kernel.c -o build/kernel.o
src/kernel.c: In function ‘kernel_main’:
src/kernel.c:13:5: warning: braces around scalar initializer
   13 |     char argc = parse_args("ping 127.0.0.1 -c 4\n", (char (*)[64]){{0}}, 16);
      |     ^~~~
src/kernel.c:13:5: note: (near initialization for ‘(anonymous)’)
src/kernel.c:14:18: warning: passing argument 1 of ‘print_string’ makes pointer from integer without a cast [-Wint-conversion]
   14 |     print_string(argc, COLOR_LIGHT_GREEN);
      |                  ^~~~
      |                  |
      |                  char
In file included from src/kernel.c:2:
src/vga.h:36:31: note: expected ‘const char *’ but argument is of type ‘char’
   36 | void print_string(const char *str, int color);
      |                   ~~~~~~~~~~~~^~~
mkdir -p build/commands/
gcc -m32 -ffreestanding -fno-stack-protector -fno-pic -nostdlib -I src/ -c src/commands/default_cmds.c -o build/commands/default_cmds.o
mkdir -p build/
gcc -m32 -ffreestanding -fno-stack-protector -fno-pic -nostdlib -I src/ -c src/cmd_processor.c -o build/cmd_processor.o
ld -m elf_i386 -T linker.ld -o build/kernel.bin build/boot.o build/keyboard.o build/string.o build/vga.o build/kernel.o build/commands/default_cmds.o build/cmd_processor.o
ld: warning: build/boot.o: missing .note.GNU-stack section implies executable stack
ld: NOTE: This behaviour is deprecated and will be removed in a future version of the linker
ld: warning: build/kernel.bin has a LOAD segment with RWX permissions
mkdir -p iso/boot/grub
cp build/kernel.bin iso/boot/kernel.bin
make[1]: Leaving directory '/home/god_spud/Spud_os/os'
=== Build: Sun Mar 15 07:31:39 PM +08 2026 ===
make[1]: Entering directory '/home/god_spud/Spud_os/os'
mkdir -p build/
gcc -m32 -ffreestanding -fno-stack-protector -fno-pic -nostdlib -I src/ -c src/kernel.c -o build/kernel.o
ld -m elf_i386 -T linker.ld -o build/kernel.bin build/boot.o build/keyboard.o build/string.o build/vga.o build/kernel.o build/commands/default_cmds.o build/cmd_processor.o
ld: warning: build/boot.o: missing .note.GNU-stack section implies executable stack
ld: NOTE: This behaviour is deprecated and will be removed in a future version of the linker
ld: warning: build/kernel.bin has a LOAD segment with RWX permissions
mkdir -p iso/boot/grub
cp build/kernel.bin iso/boot/kernel.bin
make[1]: Leaving directory '/home/god_spud/Spud_os/os'
=== Build: Sun Mar 15 07:33:27 PM +08 2026 ===
make[1]: Entering directory '/home/god_spud/Spud_os/os'
mkdir -p build
nasm -f elf32 boot.asm -o build/boot.o
mkdir -p build/
gcc -m32 -ffreestanding -fno-stack-protector -fno-pic -nostdlib -I src/ -c src/keyboard.c -o build/keyboard.o
mkdir -p build/
gcc -m32 -ffreestanding -fno-stack-protector -fno-pic -nostdlib -I src/ -c src/string.c -o build/string.o
mkdir -p build/
gcc -m32 -ffreestanding -fno-stack-protector -fno-pic -nostdlib -I src/ -c src/vga.c -o build/vga.o
mkdir -p build/
gcc -m32 -ffreestanding -fno-stack-protector -fno-pic -nostdlib -I src/ -c src/kernel.c -o build/kernel.o
mkdir -p build/commands/
gcc -m32 -ffreestanding -fno-stack-protector -fno-pic -nostdlib -I src/ -c src/commands/default_cmds.c -o build/commands/default_cmds.o
mkdir -p build/
gcc -m32 -ffreestanding -fno-stack-protector -fno-pic -nostdlib -I src/ -c src/cmd_processor.c -o build/cmd_processor.o
ld -m elf_i386 -T linker.ld -o build/kernel.bin build/boot.o build/keyboard.o build/string.o build/vga.o build/kernel.o build/commands/default_cmds.o build/cmd_processor.o
ld: warning: build/boot.o: missing .note.GNU-stack section implies executable stack
ld: NOTE: This behaviour is deprecated and will be removed in a future version of the linker
ld: warning: build/kernel.bin has a LOAD segment with RWX permissions
mkdir -p iso/boot/grub
cp build/kernel.bin iso/boot/kernel.bin
cp grub.cfg iso/boot/grub/grub.cfg
grub-mkrescue -o build/os.iso iso
xorriso 1.5.4 : RockRidge filesystem manipulator, libburnia project.

Drive current: -outdev 'stdio:build/os.iso'
Media current: stdio file, overwriteable
Media status : is blank
Media summary: 0 sessions, 0 data blocks, 0 data, 1033m free
Added to ISO image: directory '/'='/tmp/grub.obLtLe'
xorriso : UPDATE :     294 files added in 1 seconds
Added to ISO image: directory '/'='/home/god_spud/Spud_os/os/iso'
xorriso : UPDATE :     298 files added in 1 seconds
xorriso : NOTE : Copying to System Area: 512 bytes from file '/usr/lib/grub/i386-pc/boot_hybrid.img'
ISO image produced: 2484 sectors
Written to medium : 2484 sectors at LBA 0
Writing to 'stdio:build/os.iso' completed successfully.

make[1]: Leaving directory '/home/god_spud/Spud_os/os'
=== Build: Sun Mar 15 07:33:56 PM +08 2026 ===
make[1]: Entering directory '/home/god_spud/Spud_os/os'
mkdir -p build/
gcc -m32 -ffreestanding -fno-stack-protector -fno-pic -nostdlib -I src/ -c src/kernel.c -o build/kernel.o
ld -m elf_i386 -T linker.ld -o build/kernel.bin build/boot.o build/keyboard.o build/string.o build/vga.o build/kernel.o build/commands/default_cmds.o build/cmd_processor.o
ld: warning: build/boot.o: missing .note.GNU-stack section implies executable stack
ld: NOTE: This behaviour is deprecated and will be removed in a future version of the linker
ld: warning: build/kernel.bin has a LOAD segment with RWX permissions
mkdir -p iso/boot/grub
cp build/kernel.bin iso/boot/kernel.bin
cp grub.cfg iso/boot/grub/grub.cfg
grub-mkrescue -o build/os.iso iso
xorriso 1.5.4 : RockRidge filesystem manipulator, libburnia project.

Drive current: -outdev 'stdio:build/os.iso'
Media current: stdio file, overwriteable
Media status : is blank
Media summary: 0 sessions, 0 data blocks, 0 data, 1037m free
Added to ISO image: directory '/'='/tmp/grub.z36xMn'
xorriso : UPDATE :     294 files added in 1 seconds
Added to ISO image: directory '/'='/home/god_spud/Spud_os/os/iso'
xorriso : UPDATE :     298 files added in 1 seconds
xorriso : NOTE : Copying to System Area: 512 bytes from file '/usr/lib/grub/i386-pc/boot_hybrid.img'
ISO image produced: 2484 sectors
Written to medium : 2484 sectors at LBA 0
Writing to 'stdio:build/os.iso' completed successfully.

make[1]: Leaving directory '/home/god_spud/Spud_os/os'
=== Build: Sun Mar 15 07:37:30 PM +08 2026 ===
make[1]: Entering directory '/home/god_spud/Spud_os/os'
make[1]: Nothing to be done for 'all'.
make[1]: Leaving directory '/home/god_spud/Spud_os/os'
=== Build: Sun Mar 15 07:37:35 PM +08 2026 ===
make[1]: Entering directory '/home/god_spud/Spud_os/os'
mkdir -p build/
gcc -m32 -ffreestanding -fno-stack-protector -fno-pic -nostdlib -I src/ -c src/keyboard.c -o build/keyboard.o
ld -m elf_i386 -T linker.ld -o build/kernel.bin build/boot.o build/keyboard.o build/string.o build/vga.o build/kernel.o build/commands/default_cmds.o build/cmd_processor.o
ld: warning: build/boot.o: missing .note.GNU-stack section implies executable stack
ld: NOTE: This behaviour is deprecated and will be removed in a future version of the linker
ld: warning: build/kernel.bin has a LOAD segment with RWX permissions
mkdir -p iso/boot/grub
cp build/kernel.bin iso/boot/kernel.bin
cp grub.cfg iso/boot/grub/grub.cfg
grub-mkrescue -o build/os.iso iso
xorriso 1.5.4 : RockRidge filesystem manipulator, libburnia project.

Drive current: -outdev 'stdio:build/os.iso'
Media current: stdio file, overwriteable
Media status : is blank
Media summary: 0 sessions, 0 data blocks, 0 data, 1033m free
Added to ISO image: directory '/'='/tmp/grub.ga4NLF'
xorriso : UPDATE :     294 files added in 1 seconds
Added to ISO image: directory '/'='/home/god_spud/Spud_os/os/iso'
xorriso : UPDATE :     298 files added in 1 seconds
xorriso : NOTE : Copying to System Area: 512 bytes from file '/usr/lib/grub/i386-pc/boot_hybrid.img'
xorriso : UPDATE :  69.57% done
ISO image produced: 2484 sectors
Written to medium : 2484 sectors at LBA 0
Writing to 'stdio:build/os.iso' completed successfully.

make[1]: Leaving directory '/home/god_spud/Spud_os/os'
=== Build: Sun Mar 15 07:41:59 PM +08 2026 ===
make[1]: Entering directory '/home/god_spud/Spud_os/os'
git add .
git commit -m "Update: $(date +'%Y-%m-%d %H:%M')"
[testing a7fd1bc] Update: 2026-03-15 19:41
 2 files changed, 11 insertions(+), 2 deletions(-)
git push origin testing
To https://github.com/Godspud/os
   62721ec..a7fd1bc  testing -> testing
make[1]: Leaving directory '/home/god_spud/Spud_os/os'
=== Build: Sun Mar 15 07:48:16 PM +08 2026 ===
make[1]: Entering directory '/home/god_spud/Spud_os/os'
make[1]: Nothing to be done for 'all'.
make[1]: Leaving directory '/home/god_spud/Spud_os/os'
=== Build: Sun Mar 15 07:49:31 PM +08 2026 ===
make[1]: Entering directory '/home/god_spud/Spud_os/os'
make[1]: Nothing to be done for 'all'.
make[1]: Leaving directory '/home/god_spud/Spud_os/os'
=== Build: Sun Mar 15 07:52:55 PM +08 2026 ===
make[1]: Entering directory '/home/god_spud/Spud_os/os'
make[1]: Nothing to be done for 'all'.
make[1]: Leaving directory '/home/god_spud/Spud_os/os'
=== Build: Sun Mar 15 07:58:29 PM +08 2026 ===
make[1]: Entering directory '/home/god_spud/Spud_os/os'
make[1]: Nothing to be done for 'all'.
make[1]: Leaving directory '/home/god_spud/Spud_os/os'
